<?xml version="1.0" encoding="UTF-8"?>
<testng-results skipped="0" failed="0" ignored="0" total="1" passed="1">
  <reporter-output>
  </reporter-output>
  <suite name="Default suite" duration-ms="50626" started-at="2019-12-05T15:21:29 IST" finished-at="2019-12-05T15:22:19 IST">
    <groups>
    </groups>
    <test name="Default test" duration-ms="50626" started-at="2019-12-05T15:21:29 IST" finished-at="2019-12-05T15:22:19 IST">
      <class name="com.training.complex.test.ELTC_068_CheckAddedUserTest">
        <test-method status="PASS" signature="setUpBeforeClass()[pri:0, instance:com.training.complex.test.ELTC_068_CheckAddedUserTest@694e1548]" name="setUpBeforeClass" is-config="true" duration-ms="22" started-at="2019-12-05T15:21:29 IST" finished-at="2019-12-05T15:21:29 IST">
          <reporter-output>
          </reporter-output>
        </test-method> <!-- setUpBeforeClass -->
        <test-method status="PASS" signature="setUp()[pri:0, instance:com.training.complex.test.ELTC_068_CheckAddedUserTest@694e1548]" name="setUp" is-config="true" duration-ms="22141" started-at="2019-12-05T15:21:29 IST" finished-at="2019-12-05T15:21:51 IST">
          <reporter-output>
          </reporter-output>
        </test-method> <!-- setUp -->
        <test-method status="PASS" signature="CheckAddedUserTest()[pri:0, instance:com.training.complex.test.ELTC_068_CheckAddedUserTest@694e1548]" name="CheckAddedUserTest" duration-ms="25633" started-at="2019-12-05T15:21:51 IST" finished-at="2019-12-05T15:22:17 IST">
          <reporter-output>
          </reporter-output>
        </test-method> <!-- CheckAddedUserTest -->
        <test-method status="PASS" signature="tearDown()[pri:0, instance:com.training.complex.test.ELTC_068_CheckAddedUserTest@694e1548]" name="tearDown" is-config="true" duration-ms="2777" started-at="2019-12-05T15:22:17 IST" finished-at="2019-12-05T15:22:19 IST">
          <reporter-output>
          </reporter-output>
        </test-method> <!-- tearDown -->
      </class> <!-- com.training.complex.test.ELTC_068_CheckAddedUserTest -->
    </test> <!-- Default test -->
  </suite> <!-- Default suite -->
</testng-results>
