<?xml version="1.0" encoding="UTF-8"?>
<testng-results skipped="0" failed="0" ignored="0" total="1" passed="1">
  <reporter-output>
  </reporter-output>
  <suite name="Default suite" duration-ms="51475" started-at="2019-12-01T16:36:35 IST" finished-at="2019-12-01T16:37:27 IST">
    <groups>
    </groups>
    <test name="Default test" duration-ms="51475" started-at="2019-12-01T16:36:35 IST" finished-at="2019-12-01T16:37:27 IST">
      <class name="com.training.sanity.tests.ELTC_037_SendReportsTest">
        <test-method status="PASS" signature="setUpBeforeClass()[pri:0, instance:com.training.sanity.tests.ELTC_037_SendReportsTest@6c49835d]" name="setUpBeforeClass" is-config="true" duration-ms="30" started-at="2019-12-01T16:36:35 IST" finished-at="2019-12-01T16:36:35 IST">
          <reporter-output>
          </reporter-output>
        </test-method> <!-- setUpBeforeClass -->
        <test-method status="PASS" signature="setUp()[pri:0, instance:com.training.sanity.tests.ELTC_037_SendReportsTest@6c49835d]" name="setUp" is-config="true" duration-ms="18674" started-at="2019-12-01T16:36:35 IST" finished-at="2019-12-01T16:36:54 IST">
          <reporter-output>
          </reporter-output>
        </test-method> <!-- setUp -->
        <test-method status="PASS" signature="SendrportTest()[pri:0, instance:com.training.sanity.tests.ELTC_037_SendReportsTest@6c49835d]" name="SendrportTest" duration-ms="29801" started-at="2019-12-01T16:36:54 IST" finished-at="2019-12-01T16:37:24 IST">
          <reporter-output>
          </reporter-output>
        </test-method> <!-- SendrportTest -->
        <test-method status="PASS" signature="tearDown()[pri:0, instance:com.training.sanity.tests.ELTC_037_SendReportsTest@6c49835d]" name="tearDown" is-config="true" duration-ms="2900" started-at="2019-12-01T16:37:24 IST" finished-at="2019-12-01T16:37:27 IST">
          <reporter-output>
          </reporter-output>
        </test-method> <!-- tearDown -->
      </class> <!-- com.training.sanity.tests.ELTC_037_SendReportsTest -->
    </test> <!-- Default test -->
  </suite> <!-- Default suite -->
</testng-results>
